# JRE version: OpenJDK Runtime Environment (8.0_152-b08) (build 1.8.0_152-release-915-b08)
# Java VM: OpenJDK 64-Bit Server VM (25.152-b08 mixed mode bsd-amd64 compressed oops)
Heap:
 PSYoungGen      total 438784K, used 406225K [0x00000007a0000000, 0x00000007c0000000, 0x00000007c0000000)
  eden space 356864K, 100% used [0x00000007a0000000,0x00000007b5c80000,0x00000007b5c80000)
  from space 81920K, 60% used [0x00000007b5c80000,0x00000007b8cb44c8,0x00000007bac80000)
  to   space 82432K, 28% used [0x00000007baf80000,0x00000007bc698ff0,0x00000007c0000000)
 ParOldGen       total 219136K, used 102687K [0x0000000760000000, 0x000000076d600000, 0x00000007a0000000)
  object space 219136K, 46% used [0x0000000760000000,0x0000000766447d78,0x000000076d600000)
 Metaspace       used 108734K, capacity 119584K, committed 119768K, reserved 1153024K
  class space    used 13749K, capacity 16089K, committed 16128K, reserved 1048576K
GC Heap History (10 events):
Event: 3684.136 GC heap after
Heap after GC invocations=47 (full 4):
 PSYoungGen      total 429568K, used 19824K [0x00000007a0000000, 0x00000007bfb80000, 0x00000007c0000000)
  eden space 337408K, 0% used [0x00000007a0000000,0x00000007a0000000,0x00000007b4980000)
  from space 92160K, 21% used [0x00000007b4980000,0x00000007b5cdc378,0x00000007ba380000)
  to   space 89088K, 0% used [0x00000007ba480000,0x00000007ba480000,0x00000007bfb80000)
 ParOldGen       total 219136K, used 100388K [0x0000000760000000, 0x000000076d600000, 0x00000007a0000000)
  object space 219136K, 45% used [0x0000000760000000,0x0000000766209350,0x000000076d600000)
 Metaspace       used 108334K, capacity 118944K, committed 119128K, reserved 1153024K
  class space    used 13700K, capacity 15983K, committed 16000K, reserved 1048576K
}
Event: 3715.492 GC heap before
{Heap before GC invocations=48 (full 4):
 PSYoungGen      total 429568K, used 357232K [0x00000007a0000000, 0x00000007bfb80000, 0x00000007c0000000)
  eden space 337408K, 100% used [0x00000007a0000000,0x00000007b4980000,0x00000007b4980000)
  from space 92160K, 21% used [0x00000007b4980000,0x00000007b5cdc378,0x00000007ba380000)
  to   space 89088K, 0% used [0x00000007ba480000,0x00000007ba480000,0x00000007bfb80000)
 ParOldGen       total 219136K, used 100388K [0x0000000760000000, 0x000000076d600000, 0x00000007a0000000)
  object space 219136K, 45% used [0x0000000760000000,0x0000000766209350,0x000000076d600000)
 Metaspace       used 108702K, capacity 119578K, committed 119768K, reserved 1153024K
  class space    used 13748K, capacity 16088K, committed 16128K, reserved 1048576K
Event: 3715.624 GC heap after
Heap after GC invocations=48 (full 4):
 PSYoungGen      total 425472K, used 36705K [0x00000007a0000000, 0x00000007bf500000, 0x00000007c0000000)
  eden space 343040K, 0% used [0x00000007a0000000,0x00000007a0000000,0x00000007b4f00000)
  from space 82432K, 44% used [0x00000007ba480000,0x00000007bc8584c8,0x00000007bf500000)
  to   space 84992K, 0% used [0x00000007b4f00000,0x00000007b4f00000,0x00000007ba200000)
 ParOldGen       total 219136K, used 100388K [0x0000000760000000, 0x000000076d600000, 0x00000007a0000000)
  object space 219136K, 45% used [0x0000000760000000,0x0000000766209350,0x000000076d600000)
 Metaspace       used 108702K, capacity 119578K, committed 119768K, reserved 1153024K
  class space    used 13748K, capacity 16088K, committed 16128K, reserved 1048576K
}
Event: 3718.217 GC heap before
{Heap before GC invocations=49 (full 4):
 PSYoungGen      total 425472K, used 379745K [0x00000007a0000000, 0x00000007bf500000, 0x00000007c0000000)
  eden space 343040K, 100% used [0x00000007a0000000,0x00000007b4f00000,0x00000007b4f00000)
  from space 82432K, 44% used [0x00000007ba480000,0x00000007bc8584c8,0x00000007bf500000)
  to   space 84992K, 0% used [0x00000007b4f00000,0x00000007b4f00000,0x00000007ba200000)
 ParOldGen       total 219136K, used 100388K [0x0000000760000000, 0x000000076d600000, 0x00000007a0000000)
  object space 219136K, 45% used [0x0000000760000000,0x0000000766209350,0x000000076d600000)
 Metaspace       used 108716K, capacity 119578K, committed 119768K, reserved 1153024K
  class space    used 13748K, capacity 16088K, committed 16128K, reserved 1048576K
Event: 3718.355 GC heap after
Heap after GC invocations=49 (full 4):
 PSYoungGen      total 428032K, used 40673K [0x00000007a0000000, 0x00000007bfd80000, 0x00000007c0000000)
  eden space 343040K, 0% used [0x00000007a0000000,0x00000007a0000000,0x00000007b4f00000)
  from space 84992K, 47% used [0x00000007b4f00000,0x00000007b76b84c8,0x00000007ba200000)
  to   space 82432K, 0% used [0x00000007bad00000,0x00000007bad00000,0x00000007bfd80000)
 ParOldGen       total 219136K, used 100388K [0x0000000760000000, 0x000000076d600000, 0x00000007a0000000)
  object space 219136K, 45% used [0x0000000760000000,0x0000000766209350,0x000000076d600000)
 Metaspace       used 108716K, capacity 119578K, committed 119768K, reserved 1153024K
  class space    used 13748K, capacity 16088K, committed 16128K, reserved 1048576K
}
Event: 3720.789 GC heap before
{Heap before GC invocations=50 (full 4):
 PSYoungGen      total 428032K, used 383713K [0x00000007a0000000, 0x00000007bfd80000, 0x00000007c0000000)
  eden space 343040K, 100% used [0x00000007a0000000,0x00000007b4f00000,0x00000007b4f00000)
  from space 84992K, 47% used [0x00000007b4f00000,0x00000007b76b84c8,0x00000007ba200000)
  to   space 82432K, 0% used [0x00000007bad00000,0x00000007bad00000,0x00000007bfd80000)
 ParOldGen       total 219136K, used 100388K [0x0000000760000000, 0x000000076d600000, 0x00000007a0000000)
  object space 219136K, 45% used [0x0000000760000000,0x0000000766209350,0x000000076d600000)
 Metaspace       used 108726K, capacity 119578K, committed 119768K, reserved 1153024K
  class space    used 13748K, capacity 16088K, committed 16128K, reserved 1048576K
Event: 3720.928 GC heap after
Heap after GC invocations=50 (full 4):
 PSYoungGen      total 438272K, used 44689K [0x00000007a0000000, 0x00000007bfc80000, 0x00000007c0000000)
  eden space 356864K, 0% used [0x00000007a0000000,0x00000007a0000000,0x00000007b5c80000)
  from space 81408K, 54% used [0x00000007bad00000,0x00000007bd8a44d8,0x00000007bfc80000)
  to   space 81920K, 0% used [0x00000007b5c80000,0x00000007b5c80000,0x00000007bac80000)
 ParOldGen       total 219136K, used 101156K [0x0000000760000000, 0x000000076d600000, 0x00000007a0000000)
  object space 219136K, 46% used [0x0000000760000000,0x00000007662c9380,0x000000076d600000)
 Metaspace       used 108726K, capacity 119578K, committed 119768K, reserved 1153024K
  class space    used 13748K, capacity 16088K, committed 16128K, reserved 1048576K
}
Event: 3723.486 GC heap before
{Heap before GC invocations=51 (full 4):
 PSYoungGen      total 438272K, used 401553K [0x00000007a0000000, 0x00000007bfc80000, 0x00000007c0000000)
  eden space 356864K, 100% used [0x00000007a0000000,0x00000007b5c80000,0x00000007b5c80000)
  from space 81408K, 54% used [0x00000007bad00000,0x00000007bd8a44d8,0x00000007bfc80000)
  to   space 81920K, 0% used [0x00000007b5c80000,0x00000007b5c80000,0x00000007bac80000)
 ParOldGen       total 219136K, used 101156K [0x0000000760000000, 0x000000076d600000, 0x00000007a0000000)
  object space 219136K, 46% used [0x0000000760000000,0x00000007662c9380,0x000000076d600000)
 Metaspace       used 108727K, capacity 119578K, committed 119768K, reserved 1153024K
  class space    used 13748K, capacity 16088K, committed 16128K, reserved 1048576K
Event: 3723.624 GC heap after
Heap after GC invocations=51 (full 4):
 PSYoungGen      total 438784K, used 49361K [0x00000007a0000000, 0x00000007c0000000, 0x00000007c0000000)
  eden space 356864K, 0% used [0x00000007a0000000,0x00000007a0000000,0x00000007b5c80000)
  from space 81920K, 60% used [0x00000007b5c80000,0x00000007b8cb44c8,0x00000007bac80000)
  to   space 82432K, 0% used [0x00000007baf80000,0x00000007baf80000,0x00000007c0000000)
 ParOldGen       total 219136K, used 101415K [0x0000000760000000, 0x000000076d600000, 0x00000007a0000000)
  object space 219136K, 46% used [0x0000000760000000,0x0000000766309ce8,0x000000076d600000)
 Metaspace       used 108727K, capacity 119578K, committed 119768K, reserved 1153024K
  class space    used 13748K, capacity 16088K, committed 16128K, reserved 1048576K
}
Event: 3726.383 GC heap before
{Heap before GC invocations=52 (full 4):
 PSYoungGen      total 438784K, used 406225K [0x00000007a0000000, 0x00000007c0000000, 0x00000007c0000000)
  eden space 356864K, 100% used [0x00000007a0000000,0x00000007b5c80000,0x00000007b5c80000)
  from space 81920K, 60% used [0x00000007b5c80000,0x00000007b8cb44c8,0x00000007bac80000)
  to   space 82432K, 0% used [0x00000007baf80000,0x00000007baf80000,0x00000007c0000000)
 ParOldGen       total 219136K, used 101415K [0x0000000760000000, 0x000000076d600000, 0x00000007a0000000)
  object space 219136K, 46% used [0x0000000760000000,0x0000000766309ce8,0x000000076d600000)
 Metaspace       used 108734K, capacity 119584K, committed 119768K, reserved 1153024K
  class space    used 13749K, capacity 16089K, committed 16128K, reserved 1048576K

